<?xml version="1.0" encoding="UTF-8"?>
<!-- Generated by org.testng.reporters.JUnitXMLReporter -->
<testsuite ignored="0" hostname="Ruchita" failures="0" tests="6" name="Default test" time="15.251" errors="0" timestamp="2024-12-17T22:12:19 IST">
  <testcase classname="api.test.DDTests" name="testPostuser" time="3.763"/>
  <testcase classname="api.test.DDTests" name="testPostuser" time="1.891"/>
  <testcase classname="api.test.DDTests" name="testPostuser" time="2.151"/>
  <testcase classname="api.test.DDTests" name="testDeleteUserByName" time="1.873"/>
  <testcase classname="api.test.DDTests" name="testDeleteUserByName" time="2.048"/>
  <testcase classname="api.test.DDTests" name="testDeleteUserByName" time="2.044"/>
</testsuite> <!-- Default test -->
