<?xml version="1.0" encoding="UTF-8"?>
<!-- Generated by org.testng.reporters.JUnitXMLReporter -->
<testsuite ignored="0" hostname="Ruchita" failures="0" tests="4" name="PetTests" time="9.848" errors="0" timestamp="2024-12-18T17:28:48 IST">
  <testcase classname="api.test.UserTests2" name="testPostUser" time="2.606"/>
  <testcase classname="api.test.UserTests2" name="testGetUserByName" time="1.65"/>
  <testcase classname="api.test.UserTests2" name="testUpdateUserByName" time="3.177"/>
  <testcase classname="api.test.UserTests2" name="testDeleteUserByName" time="1.704"/>
</testsuite> <!-- PetTests -->
