<?xml version="1.0" encoding="UTF-8"?>
<!-- Generated by org.testng.reporters.JUnitXMLReporter -->
<testsuite ignored="0" hostname="Ruchita" failures="0" tests="4" name="PetTests" time="34.46" errors="0" timestamp="2024-12-18T16:40:29 IST">
  <testcase classname="api.test.UserTests2" name="testPostUser" time="19.714"/>
  <testcase classname="api.test.UserTests2" name="testGetUserByName" time="1.756"/>
  <testcase classname="api.test.UserTests2" name="testUpdateUserByName" time="3.107"/>
  <testcase classname="api.test.UserTests2" name="testDeleteUserByName" time="1.489"/>
</testsuite> <!-- PetTests -->
